<?xml version="1.0" encoding="UTF-8"?>
<!-- Generated by org.testng.reporters.JUnitXMLReporter -->
<testsuite ignored="0" hostname="LAPTOP-7K7F20LQ" failures="0" tests="5" name="Second Test Case" time="25.445" errors="0" timestamp="2023-06-24T19:01:19 IST">
  <testcase classname="testcases.LoginTest" name="loginTest" time="1.929"/>
  <testcase classname="testcases.LoginTest" name="loginTest" time="1.899"/>
  <testcase classname="testcases.LoginTest" name="loginTest" time="1.848"/>
  <testcase classname="testcases.LoginTest" name="loginTest" time="6.929"/>
  <testcase classname="testcases.HomePageTest" name="Home" time="12.089"/>
</testsuite> <!-- Second Test Case -->
