<?xml version="1.0" encoding="UTF-8"?>
<!-- Generated by org.testng.reporters.JUnitXMLReporter -->
<testsuite ignored="0" hostname="LAPTOP-7K7F20LQ" failures="0" tests="4" name="Test" time="14.733" errors="0" timestamp="2023-06-24T19:00:53 IST">
  <testcase classname="testcases.LoginTest" name="loginTest" time="3.359"/>
  <testcase classname="testcases.LoginTest" name="loginTest" time="1.88"/>
  <testcase classname="testcases.LoginTest" name="loginTest" time="1.981"/>
  <testcase classname="testcases.LoginTest" name="loginTest" time="6.941"/>
</testsuite> <!-- Test -->
