<?xml version="1.0" encoding="UTF-8"?>
<testng-results ignored="0" total="9" passed="9" failed="0" skipped="0">
  <reporter-output>
  </reporter-output>
  <suite started-at="2023-06-24T19:00:38 IST" name="Suite" finished-at="2023-06-24T19:01:19 IST" duration-ms="40490">
    <groups>
      <group name="smoke">
        <method signature="LoginTest.loginTest(java.lang.String, java.lang.String)[pri:0, instance:testcases.LoginTest@61526469]" name="loginTest" class="testcases.LoginTest"/>
        <method signature="HomePageTest.Home(java.lang.String, java.lang.String, java.lang.String, java.lang.String, java.lang.String)[pri:0, instance:testcases.HomePageTest@30ea8c23]" name="Home" class="testcases.HomePageTest"/>
        <method signature="LoginTest.loginTest(java.lang.String, java.lang.String)[pri:0, instance:testcases.LoginTest@2cf92cc7]" name="loginTest" class="testcases.LoginTest"/>
      </group> <!-- smoke -->
    </groups>
    <test started-at="2023-06-24T19:00:38 IST" name="Test" finished-at="2023-06-24T19:00:53 IST" duration-ms="14733">
      <class name="testcases.LoginTest">
        <test-method signature="loginTest(java.lang.String, java.lang.String)[pri:0, instance:testcases.LoginTest@61526469]" started-at="2023-06-24T19:00:38 IST" name="loginTest" data-provider="dp1" finished-at="2023-06-24T19:00:42 IST" duration-ms="3359" status="PASS">
          <params>
            <param index="0">
              <value>
                <![CDATA[standard_user]]>
              </value>
            </param>
            <param index="1">
              <value>
                <![CDATA[secret_sauce]]>
              </value>
            </param>
          </params>
          <reporter-output>
          </reporter-output>
        </test-method> <!-- loginTest -->
        <test-method is-config="true" signature="tearDown()[pri:0, instance:testcases.LoginTest@61526469]" started-at="2023-06-24T19:00:42 IST" name="tearDown" finished-at="2023-06-24T19:00:42 IST" duration-ms="107" status="PASS">
          <reporter-output>
          </reporter-output>
        </test-method> <!-- tearDown -->
        <test-method signature="loginTest(java.lang.String, java.lang.String)[pri:0, instance:testcases.LoginTest@61526469]" started-at="2023-06-24T19:00:42 IST" name="loginTest" data-provider="dp1" finished-at="2023-06-24T19:00:44 IST" duration-ms="1880" status="PASS">
          <params>
            <param index="0">
              <value>
                <![CDATA[locked_out_user]]>
              </value>
            </param>
            <param index="1">
              <value>
                <![CDATA[secret_sauce]]>
              </value>
            </param>
          </params>
          <reporter-output>
          </reporter-output>
        </test-method> <!-- loginTest -->
        <test-method is-config="true" signature="tearDown()[pri:0, instance:testcases.LoginTest@61526469]" started-at="2023-06-24T19:00:44 IST" name="tearDown" finished-at="2023-06-24T19:00:44 IST" duration-ms="123" status="PASS">
          <reporter-output>
          </reporter-output>
        </test-method> <!-- tearDown -->
        <test-method signature="loginTest(java.lang.String, java.lang.String)[pri:0, instance:testcases.LoginTest@61526469]" started-at="2023-06-24T19:00:44 IST" name="loginTest" data-provider="dp1" finished-at="2023-06-24T19:00:46 IST" duration-ms="1981" status="PASS">
          <params>
            <param index="0">
              <value>
                <![CDATA[problem_user]]>
              </value>
            </param>
            <param index="1">
              <value>
                <![CDATA[secret_sauce]]>
              </value>
            </param>
          </params>
          <reporter-output>
          </reporter-output>
        </test-method> <!-- loginTest -->
        <test-method is-config="true" signature="tearDown()[pri:0, instance:testcases.LoginTest@61526469]" started-at="2023-06-24T19:00:46 IST" name="tearDown" finished-at="2023-06-24T19:00:46 IST" duration-ms="111" status="PASS">
          <reporter-output>
          </reporter-output>
        </test-method> <!-- tearDown -->
        <test-method signature="loginTest(java.lang.String, java.lang.String)[pri:0, instance:testcases.LoginTest@61526469]" started-at="2023-06-24T19:00:46 IST" name="loginTest" data-provider="dp1" finished-at="2023-06-24T19:00:53 IST" duration-ms="6941" status="PASS">
          <params>
            <param index="0">
              <value>
                <![CDATA[performance_glitch_user]]>
              </value>
            </param>
            <param index="1">
              <value>
                <![CDATA[secret_sauce]]>
              </value>
            </param>
          </params>
          <reporter-output>
          </reporter-output>
        </test-method> <!-- loginTest -->
        <test-method is-config="true" signature="tearDown()[pri:0, instance:testcases.LoginTest@61526469]" started-at="2023-06-24T19:00:53 IST" name="tearDown" finished-at="2023-06-24T19:00:53 IST" duration-ms="143" status="PASS">
          <reporter-output>
          </reporter-output>
        </test-method> <!-- tearDown -->
      </class> <!-- testcases.LoginTest -->
    </test> <!-- Test -->
    <test started-at="2023-06-24T19:00:53 IST" name="Second Test Case" finished-at="2023-06-24T19:01:19 IST" duration-ms="25445">
      <class name="testcases.HomePageTest">
        <test-method signature="Home(java.lang.String, java.lang.String, java.lang.String, java.lang.String, java.lang.String)[pri:0, instance:testcases.HomePageTest@30ea8c23]" started-at="2023-06-24T19:01:07 IST" name="Home" data-provider="dp1" finished-at="2023-06-24T19:01:19 IST" duration-ms="12089" status="PASS">
          <params>
            <param index="0">
              <value>
                <![CDATA[standard_user]]>
              </value>
            </param>
            <param index="1">
              <value>
                <![CDATA[secret_sauce]]>
              </value>
            </param>
            <param index="2">
              <value>
                <![CDATA[raju]]>
              </value>
            </param>
            <param index="3">
              <value>
                <![CDATA[raj]]>
              </value>
            </param>
            <param index="4">
              <value>
                <![CDATA[123456.0]]>
              </value>
            </param>
          </params>
          <reporter-output>
          </reporter-output>
        </test-method> <!-- Home -->
        <test-method is-config="true" signature="tearDown()[pri:0, instance:testcases.HomePageTest@30ea8c23]" started-at="2023-06-24T19:01:19 IST" name="tearDown" finished-at="2023-06-24T19:01:19 IST" duration-ms="209" status="PASS">
          <reporter-output>
          </reporter-output>
        </test-method> <!-- tearDown -->
      </class> <!-- testcases.HomePageTest -->
      <class name="testcases.LoginTest">
        <test-method signature="loginTest(java.lang.String, java.lang.String)[pri:0, instance:testcases.LoginTest@2cf92cc7]" started-at="2023-06-24T19:00:53 IST" name="loginTest" data-provider="dp1" finished-at="2023-06-24T19:00:55 IST" duration-ms="1929" status="PASS">
          <params>
            <param index="0">
              <value>
                <![CDATA[standard_user]]>
              </value>
            </param>
            <param index="1">
              <value>
                <![CDATA[secret_sauce]]>
              </value>
            </param>
          </params>
          <reporter-output>
          </reporter-output>
        </test-method> <!-- loginTest -->
        <test-method is-config="true" signature="tearDown()[pri:0, instance:testcases.LoginTest@2cf92cc7]" started-at="2023-06-24T19:00:55 IST" name="tearDown" finished-at="2023-06-24T19:00:56 IST" duration-ms="120" status="PASS">
          <reporter-output>
          </reporter-output>
        </test-method> <!-- tearDown -->
        <test-method signature="loginTest(java.lang.String, java.lang.String)[pri:0, instance:testcases.LoginTest@2cf92cc7]" started-at="2023-06-24T19:00:56 IST" name="loginTest" data-provider="dp1" finished-at="2023-06-24T19:00:57 IST" duration-ms="1899" status="PASS">
          <params>
            <param index="0">
              <value>
                <![CDATA[locked_out_user]]>
              </value>
            </param>
            <param index="1">
              <value>
                <![CDATA[secret_sauce]]>
              </value>
            </param>
          </params>
          <reporter-output>
          </reporter-output>
        </test-method> <!-- loginTest -->
        <test-method is-config="true" signature="tearDown()[pri:0, instance:testcases.LoginTest@2cf92cc7]" started-at="2023-06-24T19:00:57 IST" name="tearDown" finished-at="2023-06-24T19:00:58 IST" duration-ms="118" status="PASS">
          <reporter-output>
          </reporter-output>
        </test-method> <!-- tearDown -->
        <test-method signature="loginTest(java.lang.String, java.lang.String)[pri:0, instance:testcases.LoginTest@2cf92cc7]" started-at="2023-06-24T19:00:58 IST" name="loginTest" data-provider="dp1" finished-at="2023-06-24T19:00:59 IST" duration-ms="1848" status="PASS">
          <params>
            <param index="0">
              <value>
                <![CDATA[problem_user]]>
              </value>
            </param>
            <param index="1">
              <value>
                <![CDATA[secret_sauce]]>
              </value>
            </param>
          </params>
          <reporter-output>
          </reporter-output>
        </test-method> <!-- loginTest -->
        <test-method is-config="true" signature="tearDown()[pri:0, instance:testcases.LoginTest@2cf92cc7]" started-at="2023-06-24T19:00:59 IST" name="tearDown" finished-at="2023-06-24T19:01:00 IST" duration-ms="132" status="PASS">
          <reporter-output>
          </reporter-output>
        </test-method> <!-- tearDown -->
        <test-method signature="loginTest(java.lang.String, java.lang.String)[pri:0, instance:testcases.LoginTest@2cf92cc7]" started-at="2023-06-24T19:01:00 IST" name="loginTest" data-provider="dp1" finished-at="2023-06-24T19:01:06 IST" duration-ms="6929" status="PASS">
          <params>
            <param index="0">
              <value>
                <![CDATA[performance_glitch_user]]>
              </value>
            </param>
            <param index="1">
              <value>
                <![CDATA[secret_sauce]]>
              </value>
            </param>
          </params>
          <reporter-output>
          </reporter-output>
        </test-method> <!-- loginTest -->
        <test-method is-config="true" signature="tearDown()[pri:0, instance:testcases.LoginTest@2cf92cc7]" started-at="2023-06-24T19:01:06 IST" name="tearDown" finished-at="2023-06-24T19:01:07 IST" duration-ms="87" status="PASS">
          <reporter-output>
          </reporter-output>
        </test-method> <!-- tearDown -->
      </class> <!-- testcases.LoginTest -->
    </test> <!-- Second Test Case -->
  </suite> <!-- Suite -->
</testng-results>
